<?xml version="1.0" encoding="UTF-8"?>
<testsuites name="Collection1" time="26.974" tests="4" failures="0" errors="0">
   <testsuite name="Suite1" tests="1" failures="0" errors="0" time="18.758" skipped="0" timestamp="2022-05-18 06:06:08" hostname="Administrator - host.docker.internal" id="Test Suites/Suite1">
      <properties>
         <property name="deviceName" value=""/>
         <property name="devicePlatform" value=""/>
         <property name="logFolder" value="E:\\Projects\\Katalon\\May2022_TrainingDemo_1\\Reports\\20220518_060555\\Suite1\\20220518_060556"/>
         <property name="logFiles" value="E:\\Projects\\Katalon\\May2022_TrainingDemo_1\\Reports\\20220518_060555\\Suite1\\20220518_060556\\execution0.log"/>
         <property name="attachments" value=""/>
         <property name="hostName" value="Administrator - host.docker.internal"/>
         <property name="os" value="Windows Server 2019 64bit"/>
         <property name="katalonVersion" value="8.3.0.208"/>
         <property name="browser" value="Chrome 101.0.4951.67"/>
         <property name="hostAddress" value="172.31.16.130"/>
         <property name="sessionId" value="7d6835ccc994d45c60c697513b349139"/>
         <property name="seleniumVersion" value="3.141.59"/>
         <property name="proxyInformation" value="ProxyInformation { proxyOption=USE_SYSTEM, proxyServerType=HTTP, username=, password=********, proxyServerAddress=, proxyServerPort=0, executionList=&quot;&quot;, isApplyToDesiredCapabilities=true }"/>
         <property name="platform" value="Windows Server 2019"/>
      </properties>
      <testcase name="Test Cases/Day1/LoginTest" time="17.684" classname="Test Cases/Day1/LoginTest" status="PASSED">
         <system-out><![CDATA[2022-05-18 06:06:09 - [TEST_CASE][PASSED] - Test Cases/Day1/LoginTest: Test Cases/Day1/LoginTest

2022-05-18 06:06:11 - [TEST_STEP][PASSED] - openBrowser(""): Browser is opened with url: ''

2022-05-18 06:06:12 - [MESSAGE][INFO] - Starting 'Chrome' driver

2022-05-18 06:06:12 - [MESSAGE][INFO] - Action delay is set to 0 milliseconds

2022-05-18 06:06:22 - [MESSAGE][PASSED] - Browser is opened with url: ''

2022-05-18 06:06:22 - [TEST_STEP][PASSED] - navigateToUrl("https://trytestingthis.netlify.app/"): Navigate to 'https://trytestingthis.netlify.app/' successfully

2022-05-18 06:06:22 - [MESSAGE][PASSED] - Navigate to 'https://trytestingthis.netlify.app/' successfully

2022-05-18 06:06:22 - [TEST_STEP][PASSED] - setText(findTestObject("Object Repository/Page_Try Testing This/input_Username_uname"), "test"): Text 'test' is set on object 'Object Repository/Page_Try Testing This/input_Username_uname'

2022-05-18 06:06:24 - [MESSAGE][PASSED] - Text 'test' is set on object 'Object Repository/Page_Try Testing This/input_Username_uname'

2022-05-18 06:06:24 - [TEST_STEP][PASSED] - setText(findTestObject("Object Repository/Page_Try Testing This/input_Password_pwd"), "test"): Text 'test' is set on object 'Object Repository/Page_Try Testing This/input_Password_pwd'

2022-05-18 06:06:25 - [MESSAGE][PASSED] - Text 'test' is set on object 'Object Repository/Page_Try Testing This/input_Password_pwd'

2022-05-18 06:06:25 - [TEST_STEP][PASSED] - click(findTestObject("Object Repository/Page_Try Testing This/input")): Object: 'Object Repository/Page_Try Testing This/input' is clicked on

2022-05-18 06:06:26 - [MESSAGE][PASSED] - Object: 'Object Repository/Page_Try Testing This/input' is clicked on

2022-05-18 06:06:26 - [TEST_STEP][PASSED] - verifyElementText(findTestObject("Object Repository/Page_Login Success/h2_Login Successful )"), "Login Successful :)"): Actual text and expected text of test object 'Object Repository/Page_Login Success/h2_Login Successful )' are matched.

2022-05-18 06:06:26 - [MESSAGE][PASSED] - Actual text and expected text of test object 'Object Repository/Page_Login Success/h2_Login Successful )' are matched.

2022-05-18 06:06:26 - [TEST_STEP][PASSED] - closeBrowser(): Browser is closed

2022-05-18 06:06:27 - [MESSAGE][PASSED] - Browser is closed]]></system-out>
         <system-err><![CDATA[]]></system-err>
      </testcase>
      <system-out><![CDATA[2022-05-18 06:06:08 - [TEST_SUITE][PASSED] - Suite1: Test Cases/Day1/LoginTest]]></system-out>
      <system-err><![CDATA[]]></system-err>
   </testsuite>
   <testsuite name="Suite2" tests="1" failures="0" errors="0" time="7.405" skipped="0" timestamp="2022-05-18 06:06:13" hostname="Administrator - host.docker.internal" id="Test Suites/Suite2">
      <properties>
         <property name="deviceName" value=""/>
         <property name="devicePlatform" value=""/>
         <property name="logFolder" value="E:\\Projects\\Katalon\\May2022_TrainingDemo_1\\Reports\\20220518_060555\\Suite2\\20220518_060558"/>
         <property name="logFiles" value="E:\\Projects\\Katalon\\May2022_TrainingDemo_1\\Reports\\20220518_060555\\Suite2\\20220518_060558\\execution0.log"/>
         <property name="attachments" value=""/>
         <property name="hostName" value="Administrator - host.docker.internal"/>
         <property name="hostAddress" value="172.31.16.130"/>
         <property name="os" value="Windows Server 2019 64bit"/>
         <property name="katalonVersion" value="8.3.0.208"/>
      </properties>
      <testcase name="Test Cases/Day1/RunAPI" time="6.429" classname="Test Cases/Day1/RunAPI" status="PASSED">
         <system-out><![CDATA[2022-05-18 06:06:14 - [TEST_CASE][PASSED] - Test Cases/Day1/RunAPI: Test Cases/Day1/RunAPI

2022-05-18 06:06:14 - [TEST_STEP][PASSED] - sendRequest(findTestObject("API/GetUserList")): Send request successfully

2022-05-18 06:06:20 - [MESSAGE][INFO] - HAR: E:\Projects\Katalon\May2022_TrainingDemo_1\Reports\20220518_060555\Suite2\20220518_060558\requests\main\0.har

2022-05-18 06:06:20 - [MESSAGE][PASSED] - Send request successfully]]></system-out>
         <system-err><![CDATA[]]></system-err>
      </testcase>
      <system-out><![CDATA[2022-05-18 06:06:13 - [TEST_SUITE][PASSED] - Suite2: Test Cases/Day1/RunAPI]]></system-out>
      <system-err><![CDATA[]]></system-err>
   </testsuite>
   <testsuite name="Suite3" tests="2" failures="0" errors="0" time="14.942" skipped="0" timestamp="2022-05-18 06:06:15" hostname="Administrator - host.docker.internal" id="Test Suites/Suite3">
      <properties>
         <property name="deviceName" value=""/>
         <property name="devicePlatform" value=""/>
         <property name="logFolder" value="E:\\Projects\\Katalon\\May2022_TrainingDemo_1\\Reports\\20220518_060555\\Suite3\\20220518_060600"/>
         <property name="logFiles" value="E:\\Projects\\Katalon\\May2022_TrainingDemo_1\\Reports\\20220518_060555\\Suite3\\20220518_060600\\execution0.log"/>
         <property name="attachments" value=""/>
         <property name="hostName" value="Administrator - host.docker.internal"/>
         <property name="os" value="Windows Server 2019 64bit"/>
         <property name="katalonVersion" value="8.3.0.208"/>
         <property name="browser" value="Chrome 101.0.4951.67"/>
         <property name="hostAddress" value="172.31.16.130"/>
         <property name="sessionId" value="6db0edbaf542bc9af515ae465949bf69"/>
         <property name="seleniumVersion" value="3.141.59"/>
         <property name="proxyInformation" value="ProxyInformation { proxyOption=USE_SYSTEM, proxyServerType=HTTP, username=, password=********, proxyServerAddress=, proxyServerPort=0, executionList=&quot;&quot;, isApplyToDesiredCapabilities=true }"/>
         <property name="platform" value="Windows Server 2019"/>
      </properties>
      <testcase name="Test Cases/Day1/LoginTest" time="11.567" classname="Test Cases/Day1/LoginTest" status="PASSED">
         <system-out><![CDATA[2022-05-18 06:06:15 - [TEST_CASE][PASSED] - Test Cases/Day1/LoginTest: Test Cases/Day1/LoginTest

2022-05-18 06:06:16 - [TEST_STEP][PASSED] - openBrowser(""): Browser is opened with url: ''

2022-05-18 06:06:17 - [MESSAGE][INFO] - Starting 'Chrome' driver

2022-05-18 06:06:17 - [MESSAGE][INFO] - Action delay is set to 0 milliseconds

2022-05-18 06:06:23 - [MESSAGE][PASSED] - Browser is opened with url: ''

2022-05-18 06:06:23 - [TEST_STEP][PASSED] - navigateToUrl("https://trytestingthis.netlify.app/"): Navigate to 'https://trytestingthis.netlify.app/' successfully

2022-05-18 06:06:23 - [MESSAGE][PASSED] - Navigate to 'https://trytestingthis.netlify.app/' successfully

2022-05-18 06:06:23 - [TEST_STEP][PASSED] - setText(findTestObject("Object Repository/Page_Try Testing This/input_Username_uname"), "test"): Text 'test' is set on object 'Object Repository/Page_Try Testing This/input_Username_uname'

2022-05-18 06:06:24 - [MESSAGE][PASSED] - Text 'test' is set on object 'Object Repository/Page_Try Testing This/input_Username_uname'

2022-05-18 06:06:24 - [TEST_STEP][PASSED] - setText(findTestObject("Object Repository/Page_Try Testing This/input_Password_pwd"), "test"): Text 'test' is set on object 'Object Repository/Page_Try Testing This/input_Password_pwd'

2022-05-18 06:06:25 - [MESSAGE][PASSED] - Text 'test' is set on object 'Object Repository/Page_Try Testing This/input_Password_pwd'

2022-05-18 06:06:25 - [TEST_STEP][PASSED] - click(findTestObject("Object Repository/Page_Try Testing This/input")): Object: 'Object Repository/Page_Try Testing This/input' is clicked on

2022-05-18 06:06:25 - [MESSAGE][PASSED] - Object: 'Object Repository/Page_Try Testing This/input' is clicked on

2022-05-18 06:06:25 - [TEST_STEP][PASSED] - verifyElementText(findTestObject("Object Repository/Page_Login Success/h2_Login Successful )"), "Login Successful :)"): Actual text and expected text of test object 'Object Repository/Page_Login Success/h2_Login Successful )' are matched.

2022-05-18 06:06:26 - [MESSAGE][PASSED] - Actual text and expected text of test object 'Object Repository/Page_Login Success/h2_Login Successful )' are matched.

2022-05-18 06:06:26 - [TEST_STEP][PASSED] - closeBrowser(): Browser is closed

2022-05-18 06:06:27 - [MESSAGE][PASSED] - Browser is closed]]></system-out>
         <system-err><![CDATA[]]></system-err>
      </testcase>
      <testcase name="Test Cases/Day1/RunAPI" time="2.935" classname="Test Cases/Day1/RunAPI" status="PASSED">
         <system-out><![CDATA[2022-05-18 06:06:27 - [TEST_CASE][PASSED] - Test Cases/Day1/RunAPI: Test Cases/Day1/RunAPI

2022-05-18 06:06:28 - [TEST_STEP][PASSED] - sendRequest(findTestObject("API/GetUserList")): Send request successfully

2022-05-18 06:06:30 - [MESSAGE][INFO] - HAR: E:\Projects\Katalon\May2022_TrainingDemo_1\Reports\20220518_060555\Suite3\20220518_060600\requests\main\0.har

2022-05-18 06:06:30 - [MESSAGE][PASSED] - Send request successfully]]></system-out>
         <system-err><![CDATA[]]></system-err>
      </testcase>
      <system-out><![CDATA[2022-05-18 06:06:15 - [TEST_SUITE][PASSED] - Suite3: Test Cases/Day1/RunAPI]]></system-out>
      <system-err><![CDATA[]]></system-err>
   </testsuite>
</testsuites>
