<?xml version="1.0" encoding="UTF-8"?>
<testsuites name="Suite1" time="8.178" tests="1" failures="0" errors="0">
   <testsuite name="Suite1" tests="1" failures="0" errors="0" time="8.178" skipped="0" timestamp="2022-05-18 06:02:14" hostname="Administrator - host.docker.internal" id="Test Suites/Suite1">
      <properties>
         <property name="deviceName" value=""/>
         <property name="devicePlatform" value=""/>
         <property name="logFolder" value="E:\\Projects\\Katalon\\May2022_TrainingDemo_1\\Reports\\20220518_060209\\Suite1\\20220518_060209"/>
         <property name="logFiles" value="E:\\Projects\\Katalon\\May2022_TrainingDemo_1\\Reports\\20220518_060209\\Suite1\\20220518_060209\\execution0.log"/>
         <property name="attachments" value=""/>
         <property name="hostName" value="Administrator - host.docker.internal"/>
         <property name="os" value="Windows Server 2019 64bit"/>
         <property name="katalonVersion" value="8.3.0.208"/>
         <property name="browser" value="Chrome 101.0.4951.67"/>
         <property name="hostAddress" value="172.31.16.130"/>
         <property name="sessionId" value="c43fffb9f15b461e322039127aee2901"/>
         <property name="seleniumVersion" value="3.141.59"/>
         <property name="proxyInformation" value="ProxyInformation { proxyOption=USE_SYSTEM, proxyServerType=HTTP, username=, password=********, proxyServerAddress=, proxyServerPort=0, executionList=&quot;&quot;, isApplyToDesiredCapabilities=true }"/>
         <property name="platform" value="Windows Server 2019"/>
      </properties>
      <testcase name="Test Cases/Day1/LoginTest" time="7.639" classname="Test Cases/Day1/LoginTest" status="PASSED">
         <system-out><![CDATA[2022-05-18 06:02:14 - [TEST_CASE][PASSED] - Test Cases/Day1/LoginTest: Test Cases/Day1/LoginTest

2022-05-18 06:02:15 - [TEST_STEP][PASSED] - openBrowser(""): Browser is opened with url: ''

2022-05-18 06:02:15 - [MESSAGE][INFO] - Starting 'Chrome' driver

2022-05-18 06:02:15 - [MESSAGE][INFO] - Action delay is set to 0 milliseconds

2022-05-18 06:02:18 - [MESSAGE][PASSED] - Browser is opened with url: ''

2022-05-18 06:02:18 - [TEST_STEP][PASSED] - navigateToUrl("https://trytestingthis.netlify.app/"): Navigate to 'https://trytestingthis.netlify.app/' successfully

2022-05-18 06:02:19 - [MESSAGE][PASSED] - Navigate to 'https://trytestingthis.netlify.app/' successfully

2022-05-18 06:02:19 - [TEST_STEP][PASSED] - setText(findTestObject("Object Repository/Page_Try Testing This/input_Username_uname"), "test"): Text 'test' is set on object 'Object Repository/Page_Try Testing This/input_Username_uname'

2022-05-18 06:02:20 - [MESSAGE][PASSED] - Text 'test' is set on object 'Object Repository/Page_Try Testing This/input_Username_uname'

2022-05-18 06:02:20 - [TEST_STEP][PASSED] - setText(findTestObject("Object Repository/Page_Try Testing This/input_Password_pwd"), "test"): Text 'test' is set on object 'Object Repository/Page_Try Testing This/input_Password_pwd'

2022-05-18 06:02:20 - [MESSAGE][PASSED] - Text 'test' is set on object 'Object Repository/Page_Try Testing This/input_Password_pwd'

2022-05-18 06:02:20 - [TEST_STEP][PASSED] - click(findTestObject("Object Repository/Page_Try Testing This/input")): Object: 'Object Repository/Page_Try Testing This/input' is clicked on

2022-05-18 06:02:21 - [MESSAGE][PASSED] - Object: 'Object Repository/Page_Try Testing This/input' is clicked on

2022-05-18 06:02:21 - [TEST_STEP][PASSED] - verifyElementText(findTestObject("Object Repository/Page_Login Success/h2_Login Successful )"), "Login Successful :)"): Actual text and expected text of test object 'Object Repository/Page_Login Success/h2_Login Successful )' are matched.

2022-05-18 06:02:21 - [MESSAGE][PASSED] - Actual text and expected text of test object 'Object Repository/Page_Login Success/h2_Login Successful )' are matched.

2022-05-18 06:02:21 - [TEST_STEP][PASSED] - closeBrowser(): Browser is closed

2022-05-18 06:02:22 - [MESSAGE][PASSED] - Browser is closed]]></system-out>
         <system-err><![CDATA[]]></system-err>
      </testcase>
      <system-out><![CDATA[2022-05-18 06:02:14 - [TEST_SUITE][PASSED] - Suite1: Test Cases/Day1/LoginTest]]></system-out>
      <system-err><![CDATA[]]></system-err>
   </testsuite>
</testsuites>
